<?xml version="1.0" encoding="UTF-8"?>
<robot generator="Robot 7.2.2 (Python 3.13.3 on win32)" generated="2025-05-19T11:07:24.175485" rpa="false" schemaversion="5">
<suite id="s1" name="Test Drag and drop" source="D:\RobotframeworkPractise\Tests\Test_Drag_and_drop.robot">
<test id="s1-t1" name="Drag and drop test case" line="9">
<kw name="Open the browser with url">
<kw name="Create Webdriver" owner="SeleniumLibrary">
<msg time="2025-05-19T11:07:24.425719" level="INFO">Creating an instance of the Firefox WebDriver.</msg>
<arg>${browser_name}</arg>
<doc>Creates an instance of Selenium WebDriver.</doc>
<status status="PASS" start="2025-05-19T11:07:24.425575" elapsed="5.842938"/>
</kw>
<kw name="Go To" owner="SeleniumLibrary">
<msg time="2025-05-19T11:07:30.269129" level="INFO">Opening url 'https://demoqa.com/droppable'</msg>
<arg>https://demoqa.com/droppable</arg>
<doc>Navigates the current browser window to the provided ``url``.</doc>
<status status="PASS" start="2025-05-19T11:07:30.268887" elapsed="5.506101"/>
</kw>
<kw name="Maximize Browser Window" owner="SeleniumLibrary">
<doc>Maximizes current browser window.</doc>
<status status="PASS" start="2025-05-19T11:07:35.775948" elapsed="0.297999"/>
</kw>
<kw name="Set Browser Implicit Wait" owner="SeleniumLibrary">
<arg>5s</arg>
<doc>Sets the implicit wait value used by Selenium.</doc>
<status status="PASS" start="2025-05-19T11:07:36.074612" elapsed="0.005523"/>
</kw>
<status status="PASS" start="2025-05-19T11:07:24.425103" elapsed="11.655204"/>
</kw>
<kw name="Verify element text before drag">
<kw name="Element Text Should Be" owner="SeleniumLibrary">
<msg time="2025-05-19T11:07:36.082064" level="INFO">Verifying element 'id:droppable' contains exact text 'Drop here'.</msg>
<arg>id:droppable</arg>
<arg>Drop here</arg>
<arg>timeout=5</arg>
<doc>Verifies that element ``locator`` contains exact the text ``expected``.</doc>
<status status="PASS" start="2025-05-19T11:07:36.081256" elapsed="0.048473"/>
</kw>
<status status="PASS" start="2025-05-19T11:07:36.080843" elapsed="0.049108"/>
</kw>
<kw name="Drag the element and drop">
<kw name="Drag And Drop" owner="SeleniumLibrary">
<arg>id:draggable</arg>
<arg>id:droppable</arg>
<doc>Drags the element identified by ``locator`` into the ``target`` element.</doc>
<status status="PASS" start="2025-05-19T11:07:36.130886" elapsed="0.587011"/>
</kw>
<status status="PASS" start="2025-05-19T11:07:36.130487" elapsed="0.587593"/>
</kw>
<kw name="Verify element Text after drag">
<kw name="Element Text Should Be" owner="SeleniumLibrary">
<msg time="2025-05-19T11:07:36.719085" level="INFO">Verifying element 'id:droppable' contains exact text 'Dropped!'.</msg>
<arg>id:droppable</arg>
<arg>Dropped!</arg>
<arg>timeout=5</arg>
<doc>Verifies that element ``locator`` contains exact the text ``expected``.</doc>
<status status="PASS" start="2025-05-19T11:07:36.718882" elapsed="0.015887"/>
</kw>
<status status="PASS" start="2025-05-19T11:07:36.718560" elapsed="0.016433"/>
</kw>
<status status="PASS" start="2025-05-19T11:07:24.424540" elapsed="12.311016"/>
</test>
<kw name="Close All Browsers" owner="SeleniumLibrary" type="TEARDOWN">
<doc>Closes all open browsers and resets the browser cache.</doc>
<status status="PASS" start="2025-05-19T11:07:36.737436" elapsed="4.493076"/>
</kw>
<status status="PASS" start="2025-05-19T11:07:24.176788" elapsed="17.053941"/>
</suite>
<statistics>
<total>
<stat pass="1" fail="0" skip="0">All Tests</stat>
</total>
<tag>
</tag>
<suite>
<stat name="Test Drag and drop" id="s1" pass="1" fail="0" skip="0">Test Drag and drop</stat>
</suite>
</statistics>
<errors>
</errors>
</robot>
