<?xml version="1.0" encoding="UTF-8"?>
<robot generator="Robot 7.2.2 (Python 3.13.3 on win32)" generated="2025-05-16T17:11:02.964755" rpa="false" schemaversion="5">
<suite id="s1" name="Test Login OrangeHrm" source="D:\RobotframeworkPractise\Resources\Test_Login_OrangeHrm.robot">
<test id="s1-t1" name="Validate Unsuccessful login" line="12">
<kw name="Open the Browser with url" owner="resources">
<kw name="Create Webdriver" owner="SeleniumLibrary">
<msg time="2025-05-16T17:11:03.638167" level="INFO">Creating an instance of the Chrome WebDriver.</msg>
<arg>Chrome</arg>
<doc>Creates an instance of Selenium WebDriver.</doc>
<status status="PASS" start="2025-05-16T17:11:03.637846" elapsed="1.744302"/>
</kw>
<kw name="Go To" owner="SeleniumLibrary">
<msg time="2025-05-16T17:11:05.383230" level="INFO">Opening url 'https://opensource-demo.orangehrmlive.com/web/index.php/auth/login'</msg>
<arg>${url}</arg>
<doc>Navigates the current browser window to the provided ``url``.</doc>
<status status="PASS" start="2025-05-16T17:11:05.382739" elapsed="3.098937"/>
</kw>
<kw name="Maximize Browser Window" owner="SeleniumLibrary">
<doc>Maximizes current browser window.</doc>
<status status="PASS" start="2025-05-16T17:11:08.482366" elapsed="0.060460"/>
</kw>
<kw name="Set Browser Implicit Wait" owner="SeleniumLibrary">
<arg>5s</arg>
<doc>Sets the implicit wait value used by Selenium.</doc>
<status status="PASS" start="2025-05-16T17:11:08.543212" elapsed="0.004270"/>
</kw>
<status status="PASS" start="2025-05-16T17:11:03.636308" elapsed="4.911918"/>
</kw>
<kw name="Fill the login form">
<kw name="Input Text" owner="SeleniumLibrary">
<msg time="2025-05-16T17:11:08.553172" level="INFO">Typing text '123244' into text field 'css:input[name=username]'.</msg>
<arg>css:input[name=username]</arg>
<arg>${username}</arg>
<doc>Types the given ``text`` into the text field identified by ``locator``.</doc>
<status status="PASS" start="2025-05-16T17:11:08.550666" elapsed="1.009371"/>
</kw>
<kw name="Input Password" owner="SeleniumLibrary">
<msg time="2025-05-16T17:11:09.562056" level="INFO">Typing password into text field 'css:input[name=password]'.</msg>
<msg time="2025-05-16T17:11:09.636443" level="INFO">Temporally setting log level to: NONE</msg>
<arg>css:input[name=password]</arg>
<arg>${password}</arg>
<doc>Types the given password into the text field identified by ``locator``.</doc>
<status status="PASS" start="2025-05-16T17:11:09.560550" elapsed="0.198039"/>
</kw>
<kw name="Click Button" owner="SeleniumLibrary">
<msg time="2025-05-16T17:11:09.760472" level="INFO">Clicking button 'css:.orangehrm-login-button'.</msg>
<arg>css:.orangehrm-login-button</arg>
<doc>Clicks the button identified by ``locator``.</doc>
<status status="PASS" start="2025-05-16T17:11:09.759357" elapsed="1.135684"/>
</kw>
<arg>${invalid_username}</arg>
<arg>${invalid_password}</arg>
<status status="PASS" start="2025-05-16T17:11:08.549485" elapsed="2.345844"/>
</kw>
<kw name="verify error message is correct">
<kw name="Element Text Should Be" owner="SeleniumLibrary">
<msg time="2025-05-16T17:11:10.898289" level="INFO">Verifying element 'css:.oxd-alert-content--error' contains exact text 'Invalid credentials'.</msg>
<arg>${login_error_message}</arg>
<arg>Invalid credentials</arg>
<doc>Verifies that element ``locator`` contains exact the text ``expected``.</doc>
<status status="PASS" start="2025-05-16T17:11:10.897722" elapsed="0.421775"/>
</kw>
<status status="PASS" start="2025-05-16T17:11:10.896776" elapsed="0.423198"/>
</kw>
<kw name="Close Browser Session" owner="resources">
<kw name="Close Browser" owner="SeleniumLibrary">
<doc>Closes the current browser.</doc>
<status status="PASS" start="2025-05-16T17:11:11.321572" elapsed="2.417739"/>
</kw>
<status status="PASS" start="2025-05-16T17:11:11.320918" elapsed="2.418710"/>
</kw>
<tag>Regression</tag>
<tag>Smoke</tag>
<status status="PASS" start="2025-05-16T17:11:03.632859" elapsed="10.107764"/>
</test>
<test id="s1-t2" name="Validate successful login" line="19">
<kw name="Open the Browser with url" owner="resources">
<kw name="Create Webdriver" owner="SeleniumLibrary">
<msg time="2025-05-16T17:11:13.744832" level="INFO">Creating an instance of the Chrome WebDriver.</msg>
<arg>Chrome</arg>
<doc>Creates an instance of Selenium WebDriver.</doc>
<status status="PASS" start="2025-05-16T17:11:13.743763" elapsed="1.732225"/>
</kw>
<kw name="Go To" owner="SeleniumLibrary">
<msg time="2025-05-16T17:11:15.476926" level="INFO">Opening url 'https://opensource-demo.orangehrmlive.com/web/index.php/auth/login'</msg>
<arg>${url}</arg>
<doc>Navigates the current browser window to the provided ``url``.</doc>
<status status="PASS" start="2025-05-16T17:11:15.476417" elapsed="3.564599"/>
</kw>
<kw name="Maximize Browser Window" owner="SeleniumLibrary">
<doc>Maximizes current browser window.</doc>
<status status="PASS" start="2025-05-16T17:11:19.041307" elapsed="0.066031"/>
</kw>
<kw name="Set Browser Implicit Wait" owner="SeleniumLibrary">
<arg>5s</arg>
<doc>Sets the implicit wait value used by Selenium.</doc>
<status status="PASS" start="2025-05-16T17:11:19.107635" elapsed="0.004431"/>
</kw>
<status status="PASS" start="2025-05-16T17:11:13.743247" elapsed="5.369222"/>
</kw>
<kw name="Fill the login form">
<kw name="Input Text" owner="SeleniumLibrary">
<msg time="2025-05-16T17:11:19.115372" level="INFO">Typing text 'Admin' into text field 'css:input[name=username]'.</msg>
<arg>css:input[name=username]</arg>
<arg>${username}</arg>
<doc>Types the given ``text`` into the text field identified by ``locator``.</doc>
<status status="PASS" start="2025-05-16T17:11:19.114753" elapsed="0.601349"/>
</kw>
<kw name="Input Password" owner="SeleniumLibrary">
<msg time="2025-05-16T17:11:19.716995" level="INFO">Typing password into text field 'css:input[name=password]'.</msg>
<msg time="2025-05-16T17:11:19.784337" level="INFO">Temporally setting log level to: NONE</msg>
<arg>css:input[name=password]</arg>
<arg>${password}</arg>
<doc>Types the given password into the text field identified by ``locator``.</doc>
<status status="PASS" start="2025-05-16T17:11:19.716511" elapsed="0.207883"/>
</kw>
<kw name="Click Button" owner="SeleniumLibrary">
<msg time="2025-05-16T17:11:19.925139" level="INFO">Clicking button 'css:.orangehrm-login-button'.</msg>
<arg>css:.orangehrm-login-button</arg>
<doc>Clicks the button identified by ``locator``.</doc>
<status status="PASS" start="2025-05-16T17:11:19.924772" elapsed="1.380437"/>
</kw>
<arg>${valid_username}</arg>
<arg>${valid_password}</arg>
<status status="PASS" start="2025-05-16T17:11:19.113570" elapsed="2.192130"/>
</kw>
<kw name="Verify Dashboard page opens">
<kw name="Element Text Should Be" owner="SeleniumLibrary">
<msg time="2025-05-16T17:11:21.308457" level="INFO">Verifying element 'css:.oxd-topbar-header-breadcrumb-module' contains exact text 'Dashboard'.</msg>
<arg>${Dashboard_Text}</arg>
<arg>Dashboard</arg>
<doc>Verifies that element ``locator`` contains exact the text ``expected``.</doc>
<status status="PASS" start="2025-05-16T17:11:21.307819" elapsed="0.648938"/>
</kw>
<status status="PASS" start="2025-05-16T17:11:21.306966" elapsed="0.650046"/>
</kw>
<kw name="Close Browser Session" owner="resources">
<kw name="Close Browser" owner="SeleniumLibrary">
<doc>Closes the current browser.</doc>
<status status="PASS" start="2025-05-16T17:11:21.958348" elapsed="2.274863"/>
</kw>
<status status="PASS" start="2025-05-16T17:11:21.957711" elapsed="2.275771"/>
</kw>
<tag>UIT</tag>
<status status="PASS" start="2025-05-16T17:11:13.742243" elapsed="10.492294"/>
</test>
<doc>Tests to login to login page</doc>
<status status="PASS" start="2025-05-16T17:11:02.967789" elapsed="21.268490"/>
</suite>
<statistics>
<total>
<stat pass="2" fail="0" skip="0">All Tests</stat>
</total>
<tag>
<stat pass="1" fail="0" skip="0">Regression</stat>
<stat pass="1" fail="0" skip="0">Smoke</stat>
<stat pass="1" fail="0" skip="0">UIT</stat>
</tag>
<suite>
<stat name="Test Login OrangeHrm" id="s1" pass="2" fail="0" skip="0">Test Login OrangeHrm</stat>
</suite>
</statistics>
<errors>
</errors>
</robot>
