<?xml version="1.0" encoding="UTF-8"?>
<robot generator="Robot 7.2.2 (Python 3.13.3 on win32)" generated="2025-05-19T15:33:13.044041" rpa="false" schemaversion="5">
<suite id="s1" name="TestDataDrivenUsingExcel" source="D:\RobotframeworkPractise\DataDrivenProject\TestDataDrivenUsingExcel.robot">
<test id="s1-t1" name="Login to from using" line="13">
<kw name="Validate UnSuccessful Login">
<kw name="Open the Browser with url">
<kw name="Open Browser" owner="SeleniumLibrary">
<msg time="2025-05-19T15:33:18.473897" level="INFO">Opening browser 'Chrome' to base url 'https://opensource-demo.orangehrmlive.com/web/index.php/auth/login'.</msg>
<arg>https://opensource-demo.orangehrmlive.com/web/index.php/auth/login</arg>
<arg>browser=Chrome</arg>
<doc>Opens a new browser instance to the optional ``url``.</doc>
<status status="PASS" start="2025-05-19T15:33:18.473580" elapsed="5.819718"/>
</kw>
<kw name="Maximize Browser Window" owner="SeleniumLibrary">
<doc>Maximizes current browser window.</doc>
<status status="PASS" start="2025-05-19T15:33:24.294261" elapsed="0.062578"/>
</kw>
<kw name="Set Selenium Implicit Wait" owner="SeleniumLibrary">
<arg>5s</arg>
<doc>Sets the implicit wait value used by Selenium.</doc>
<status status="PASS" start="2025-05-19T15:33:24.357132" elapsed="0.002879"/>
</kw>
<status status="PASS" start="2025-05-19T15:33:18.472655" elapsed="5.888063"/>
</kw>
<kw name="Fill the login form">
<kw name="Input Text" owner="SeleniumLibrary">
<msg time="2025-05-19T15:33:24.364205" level="INFO">Typing text 'abc' into text field 'css:input[name="username"]'.</msg>
<arg>css:input[name="username"]</arg>
<arg>${username}</arg>
<doc>Types the given ``text`` into the text field identified by ``locator``.</doc>
<status status="PASS" start="2025-05-19T15:33:24.363104" elapsed="0.618278"/>
</kw>
<kw name="Input Text" owner="SeleniumLibrary">
<msg time="2025-05-19T15:33:24.983502" level="INFO">Typing text 'admin123' into text field 'css:input[name="password"]'.</msg>
<arg>css:input[name="password"]</arg>
<arg>${password}</arg>
<doc>Types the given ``text`` into the text field identified by ``locator``.</doc>
<status status="PASS" start="2025-05-19T15:33:24.981916" elapsed="0.205597"/>
</kw>
<kw name="Click Button" owner="SeleniumLibrary">
<msg time="2025-05-19T15:33:25.188880" level="INFO">Clicking button 'css:button[type="submit"]'.</msg>
<arg>css:button[type="submit"]</arg>
<doc>Clicks the button identified by ``locator``.</doc>
<status status="PASS" start="2025-05-19T15:33:25.188271" elapsed="0.152205"/>
</kw>
<arg>${Username}</arg>
<arg>${Password}</arg>
<status status="PASS" start="2025-05-19T15:33:24.361513" elapsed="0.979527"/>
</kw>
<kw name="Verify the error message is correct">
<kw name="Element Text Should Be" owner="SeleniumLibrary">
<msg time="2025-05-19T15:33:25.345234" level="INFO">Verifying element 'css:.oxd-alert-content--error' contains exact text 'Invalid credentials'.</msg>
<arg>${login_error_message}</arg>
<arg>Invalid credentials</arg>
<doc>Verifies that element ``locator`` contains exact the text ``expected``.</doc>
<status status="PASS" start="2025-05-19T15:33:25.344383" elapsed="1.902547"/>
</kw>
<status status="PASS" start="2025-05-19T15:33:25.342121" elapsed="1.905097"/>
</kw>
<kw name="Close Browser Session">
<kw name="Close All Browsers" owner="SeleniumLibrary">
<doc>Closes all open browsers and resets the browser cache.</doc>
<status status="PASS" start="2025-05-19T15:33:27.248351" elapsed="2.344108"/>
</kw>
<status status="PASS" start="2025-05-19T15:33:27.247637" elapsed="2.345141"/>
</kw>
<arg>Username=abc</arg>
<arg>Password=admin123</arg>
<status status="PASS" start="2025-05-19T15:33:18.472062" elapsed="11.120875"/>
</kw>
<status status="PASS" start="2025-05-19T15:33:18.469740" elapsed="11.124798"/>
</test>
<test id="s1-t2" name="Login to from using" line="13">
<kw name="Validate UnSuccessful Login">
<kw name="Open the Browser with url">
<kw name="Open Browser" owner="SeleniumLibrary">
<msg time="2025-05-19T15:33:29.601672" level="INFO">Opening browser 'Chrome' to base url 'https://opensource-demo.orangehrmlive.com/web/index.php/auth/login'.</msg>
<arg>https://opensource-demo.orangehrmlive.com/web/index.php/auth/login</arg>
<arg>browser=Chrome</arg>
<doc>Opens a new browser instance to the optional ``url``.</doc>
<status status="PASS" start="2025-05-19T15:33:29.601309" elapsed="5.995006"/>
</kw>
<kw name="Maximize Browser Window" owner="SeleniumLibrary">
<doc>Maximizes current browser window.</doc>
<status status="PASS" start="2025-05-19T15:33:35.596883" elapsed="0.044174"/>
</kw>
<kw name="Set Selenium Implicit Wait" owner="SeleniumLibrary">
<arg>5s</arg>
<doc>Sets the implicit wait value used by Selenium.</doc>
<status status="PASS" start="2025-05-19T15:33:35.641370" elapsed="0.003719"/>
</kw>
<status status="PASS" start="2025-05-19T15:33:29.600778" elapsed="6.044866"/>
</kw>
<kw name="Fill the login form">
<kw name="Input Text" owner="SeleniumLibrary">
<msg time="2025-05-19T15:33:35.647790" level="INFO">Typing text 'Admin' into text field 'css:input[name="username"]'.</msg>
<arg>css:input[name="username"]</arg>
<arg>${username}</arg>
<doc>Types the given ``text`` into the text field identified by ``locator``.</doc>
<status status="PASS" start="2025-05-19T15:33:35.647236" elapsed="0.747126"/>
</kw>
<kw name="Input Text" owner="SeleniumLibrary">
<msg time="2025-05-19T15:33:36.395528" level="INFO">Typing text '123' into text field 'css:input[name="password"]'.</msg>
<arg>css:input[name="password"]</arg>
<arg>${password}</arg>
<doc>Types the given ``text`` into the text field identified by ``locator``.</doc>
<status status="PASS" start="2025-05-19T15:33:36.394892" elapsed="0.183685"/>
</kw>
<kw name="Click Button" owner="SeleniumLibrary">
<msg time="2025-05-19T15:33:36.579942" level="INFO">Clicking button 'css:button[type="submit"]'.</msg>
<arg>css:button[type="submit"]</arg>
<doc>Clicks the button identified by ``locator``.</doc>
<status status="PASS" start="2025-05-19T15:33:36.579371" elapsed="0.166975"/>
</kw>
<arg>${Username}</arg>
<arg>${Password}</arg>
<status status="PASS" start="2025-05-19T15:33:35.646184" elapsed="1.100866"/>
</kw>
<kw name="Verify the error message is correct">
<kw name="Element Text Should Be" owner="SeleniumLibrary">
<msg time="2025-05-19T15:33:36.748479" level="INFO">Verifying element 'css:.oxd-alert-content--error' contains exact text 'Invalid credentials'.</msg>
<arg>${login_error_message}</arg>
<arg>Invalid credentials</arg>
<doc>Verifies that element ``locator`` contains exact the text ``expected``.</doc>
<status status="PASS" start="2025-05-19T15:33:36.747992" elapsed="2.109916"/>
</kw>
<status status="PASS" start="2025-05-19T15:33:36.747493" elapsed="2.110781"/>
</kw>
<kw name="Close Browser Session">
<kw name="Close All Browsers" owner="SeleniumLibrary">
<doc>Closes all open browsers and resets the browser cache.</doc>
<status status="PASS" start="2025-05-19T15:33:38.859350" elapsed="2.329007"/>
</kw>
<status status="PASS" start="2025-05-19T15:33:38.858647" elapsed="2.329955"/>
</kw>
<arg>Username=Admin</arg>
<arg>Password=123</arg>
<status status="PASS" start="2025-05-19T15:33:29.599996" elapsed="11.588717"/>
</kw>
<status status="PASS" start="2025-05-19T15:33:29.596628" elapsed="11.592727"/>
</test>
<test id="s1-t3" name="Login to from using" line="13">
<kw name="Validate UnSuccessful Login">
<kw name="Open the Browser with url">
<kw name="Open Browser" owner="SeleniumLibrary">
<msg time="2025-05-19T15:33:41.195064" level="INFO">Opening browser 'Chrome' to base url 'https://opensource-demo.orangehrmlive.com/web/index.php/auth/login'.</msg>
<arg>https://opensource-demo.orangehrmlive.com/web/index.php/auth/login</arg>
<arg>browser=Chrome</arg>
<doc>Opens a new browser instance to the optional ``url``.</doc>
<status status="PASS" start="2025-05-19T15:33:41.194621" elapsed="6.128662"/>
</kw>
<kw name="Maximize Browser Window" owner="SeleniumLibrary">
<doc>Maximizes current browser window.</doc>
<status status="PASS" start="2025-05-19T15:33:47.323614" elapsed="0.071455"/>
</kw>
<kw name="Set Selenium Implicit Wait" owner="SeleniumLibrary">
<arg>5s</arg>
<doc>Sets the implicit wait value used by Selenium.</doc>
<status status="PASS" start="2025-05-19T15:33:47.396068" elapsed="0.003171"/>
</kw>
<status status="PASS" start="2025-05-19T15:33:41.193958" elapsed="6.205533"/>
</kw>
<kw name="Fill the login form">
<kw name="Input Text" owner="SeleniumLibrary">
<msg time="2025-05-19T15:33:47.401088" level="INFO">Typing text 'abc' into text field 'css:input[name="username"]'.</msg>
<arg>css:input[name="username"]</arg>
<arg>${username}</arg>
<doc>Types the given ``text`` into the text field identified by ``locator``.</doc>
<status status="PASS" start="2025-05-19T15:33:47.400635" elapsed="0.748190"/>
</kw>
<kw name="Input Text" owner="SeleniumLibrary">
<msg time="2025-05-19T15:33:48.149323" level="INFO">Typing text '123' into text field 'css:input[name="password"]'.</msg>
<arg>css:input[name="password"]</arg>
<arg>${password}</arg>
<doc>Types the given ``text`` into the text field identified by ``locator``.</doc>
<status status="PASS" start="2025-05-19T15:33:48.149047" elapsed="0.189112"/>
</kw>
<kw name="Click Button" owner="SeleniumLibrary">
<msg time="2025-05-19T15:33:48.339232" level="INFO">Clicking button 'css:button[type="submit"]'.</msg>
<arg>css:button[type="submit"]</arg>
<doc>Clicks the button identified by ``locator``.</doc>
<status status="PASS" start="2025-05-19T15:33:48.338686" elapsed="0.177361"/>
</kw>
<arg>${Username}</arg>
<arg>${Password}</arg>
<status status="PASS" start="2025-05-19T15:33:47.399843" elapsed="1.116398"/>
</kw>
<kw name="Verify the error message is correct">
<kw name="Element Text Should Be" owner="SeleniumLibrary">
<msg time="2025-05-19T15:33:48.517283" level="INFO">Verifying element 'css:.oxd-alert-content--error' contains exact text 'Invalid credentials'.</msg>
<arg>${login_error_message}</arg>
<arg>Invalid credentials</arg>
<doc>Verifies that element ``locator`` contains exact the text ``expected``.</doc>
<status status="PASS" start="2025-05-19T15:33:48.516934" elapsed="1.390583"/>
</kw>
<status status="PASS" start="2025-05-19T15:33:48.516514" elapsed="1.391182"/>
</kw>
<kw name="Close Browser Session">
<kw name="Close All Browsers" owner="SeleniumLibrary">
<doc>Closes all open browsers and resets the browser cache.</doc>
<status status="PASS" start="2025-05-19T15:33:49.908345" elapsed="2.225995"/>
</kw>
<status status="PASS" start="2025-05-19T15:33:49.907927" elapsed="2.226737"/>
</kw>
<arg>Username=abc</arg>
<arg>Password=123</arg>
<status status="PASS" start="2025-05-19T15:33:41.192973" elapsed="10.941852"/>
</kw>
<status status="PASS" start="2025-05-19T15:33:41.190684" elapsed="10.945616"/>
</test>
<test id="s1-t4" name="Login to from using" line="13">
<kw name="Validate UnSuccessful Login">
<kw name="Open the Browser with url">
<kw name="Open Browser" owner="SeleniumLibrary">
<msg time="2025-05-19T15:33:52.141111" level="INFO">Opening browser 'Chrome' to base url 'https://opensource-demo.orangehrmlive.com/web/index.php/auth/login'.</msg>
<arg>https://opensource-demo.orangehrmlive.com/web/index.php/auth/login</arg>
<arg>browser=Chrome</arg>
<doc>Opens a new browser instance to the optional ``url``.</doc>
<status status="PASS" start="2025-05-19T15:33:52.140815" elapsed="5.942888"/>
</kw>
<kw name="Maximize Browser Window" owner="SeleniumLibrary">
<doc>Maximizes current browser window.</doc>
<status status="PASS" start="2025-05-19T15:33:58.084216" elapsed="0.053872"/>
</kw>
<kw name="Set Selenium Implicit Wait" owner="SeleniumLibrary">
<arg>5s</arg>
<doc>Sets the implicit wait value used by Selenium.</doc>
<status status="PASS" start="2025-05-19T15:33:58.138597" elapsed="0.003043"/>
</kw>
<status status="PASS" start="2025-05-19T15:33:52.140383" elapsed="6.001933"/>
</kw>
<kw name="Fill the login form">
<kw name="Input Text" owner="SeleniumLibrary">
<msg time="2025-05-19T15:33:58.146077" level="INFO">Typing text '123' into text field 'css:input[name="username"]'.</msg>
<arg>css:input[name="username"]</arg>
<arg>${username}</arg>
<doc>Types the given ``text`` into the text field identified by ``locator``.</doc>
<status status="PASS" start="2025-05-19T15:33:58.145014" elapsed="0.990916"/>
</kw>
<kw name="Input Text" owner="SeleniumLibrary">
<msg time="2025-05-19T15:33:59.137192" level="INFO">Typing text '3424' into text field 'css:input[name="password"]'.</msg>
<arg>css:input[name="password"]</arg>
<arg>${password}</arg>
<doc>Types the given ``text`` into the text field identified by ``locator``.</doc>
<status status="PASS" start="2025-05-19T15:33:59.136457" elapsed="0.215664"/>
</kw>
<kw name="Click Button" owner="SeleniumLibrary">
<msg time="2025-05-19T15:33:59.353204" level="INFO">Clicking button 'css:button[type="submit"]'.</msg>
<arg>css:button[type="submit"]</arg>
<doc>Clicks the button identified by ``locator``.</doc>
<status status="PASS" start="2025-05-19T15:33:59.352733" elapsed="0.169409"/>
</kw>
<arg>${Username}</arg>
<arg>${Password}</arg>
<status status="PASS" start="2025-05-19T15:33:58.143385" elapsed="1.379060"/>
</kw>
<kw name="Verify the error message is correct">
<kw name="Element Text Should Be" owner="SeleniumLibrary">
<msg time="2025-05-19T15:33:59.524383" level="INFO">Verifying element 'css:.oxd-alert-content--error' contains exact text 'Invalid credentials'.</msg>
<arg>${login_error_message}</arg>
<arg>Invalid credentials</arg>
<doc>Verifies that element ``locator`` contains exact the text ``expected``.</doc>
<status status="PASS" start="2025-05-19T15:33:59.523818" elapsed="1.779354"/>
</kw>
<status status="PASS" start="2025-05-19T15:33:59.522873" elapsed="1.780627"/>
</kw>
<kw name="Close Browser Session">
<kw name="Close All Browsers" owner="SeleniumLibrary">
<doc>Closes all open browsers and resets the browser cache.</doc>
<status status="PASS" start="2025-05-19T15:34:01.304623" elapsed="2.550247"/>
</kw>
<status status="PASS" start="2025-05-19T15:34:01.303947" elapsed="2.551268"/>
</kw>
<arg>Username=123</arg>
<arg>Password=3424</arg>
<status status="PASS" start="2025-05-19T15:33:52.139882" elapsed="11.715523"/>
</kw>
<status status="PASS" start="2025-05-19T15:33:52.137708" elapsed="11.719617"/>
</test>
<doc>Test Template</doc>
<status status="PASS" start="2025-05-19T15:33:13.047376" elapsed="50.812276"/>
</suite>
<statistics>
<total>
<stat pass="4" fail="0" skip="0">All Tests</stat>
</total>
<tag>
</tag>
<suite>
<stat name="TestDataDrivenUsingExcel" id="s1" pass="4" fail="0" skip="0">TestDataDrivenUsingExcel</stat>
</suite>
</statistics>
<errors>
<msg time="2025-05-19T15:33:29.596899" level="WARN">Multiple tests with name 'Login to from using' executed in suite 'TestDataDrivenUsingExcel'.</msg>
<msg time="2025-05-19T15:33:41.190785" level="WARN">Multiple tests with name 'Login to from using' executed in suite 'TestDataDrivenUsingExcel'.</msg>
<msg time="2025-05-19T15:33:52.137803" level="WARN">Multiple tests with name 'Login to from using' executed in suite 'TestDataDrivenUsingExcel'.</msg>
</errors>
</robot>
