<?xml version="1.0" encoding="UTF-8"?>
<robot generator="Robot 7.2.2 (Python 3.13.3 on win32)" generated="2025-05-26T14:40:35.835557" rpa="false" schemaversion="5">
<suite id="s1" name="TestDataDrivenUsingCSV" source="D:\RobotframeworkPractise\DataDrivenProject\TestDataDrivenUsingCSV.robot">
<test id="s1-t1" name="Invalid Username" line="13">
<kw name="Validate UnSuccessful Login">
<kw name="Open the Browser with url">
<kw name="Open Browser" owner="SeleniumLibrary">
<msg time="2025-05-26T14:40:36.482018" level="INFO">Opening browser 'Chrome' to base url 'https://opensource-demo.orangehrmlive.com/web/index.php/auth/login'.</msg>
<arg>https://opensource-demo.orangehrmlive.com/web/index.php/auth/login</arg>
<arg>browser=Chrome</arg>
<doc>Opens a new browser instance to the optional ``url``.</doc>
<status status="PASS" start="2025-05-26T14:40:36.481611" elapsed="8.827385"/>
</kw>
<kw name="Maximize Browser Window" owner="SeleniumLibrary">
<doc>Maximizes current browser window.</doc>
<status status="PASS" start="2025-05-26T14:40:45.310251" elapsed="0.062952"/>
</kw>
<kw name="Set Selenium Implicit Wait" owner="SeleniumLibrary">
<arg>5s</arg>
<doc>Sets the implicit wait value used by Selenium.</doc>
<status status="PASS" start="2025-05-26T14:40:45.373861" elapsed="0.005429"/>
</kw>
<status status="PASS" start="2025-05-26T14:40:36.480804" elapsed="8.898871"/>
</kw>
<kw name="Fill the login form">
<kw name="Input Text" owner="SeleniumLibrary">
<msg time="2025-05-26T14:40:45.383060" level="INFO">Typing text 'abc' into text field 'css:input[name="username"]'.</msg>
<arg>css:input[name="username"]</arg>
<arg>${username}</arg>
<doc>Types the given ``text`` into the text field identified by ``locator``.</doc>
<status status="PASS" start="2025-05-26T14:40:45.381635" elapsed="1.598717"/>
</kw>
<kw name="Input Text" owner="SeleniumLibrary">
<msg time="2025-05-26T14:40:46.982961" level="INFO">Typing text 'admin123' into text field 'css:input[name="password"]'.</msg>
<arg>css:input[name="password"]</arg>
<arg>${password}</arg>
<doc>Types the given ``text`` into the text field identified by ``locator``.</doc>
<status status="PASS" start="2025-05-26T14:40:46.981911" elapsed="0.199931"/>
</kw>
<kw name="Click Button" owner="SeleniumLibrary">
<msg time="2025-05-26T14:40:47.182879" level="INFO">Clicking button 'css:button[type="submit"]'.</msg>
<arg>css:button[type="submit"]</arg>
<doc>Clicks the button identified by ``locator``.</doc>
<status status="PASS" start="2025-05-26T14:40:47.182384" elapsed="0.209935"/>
</kw>
<arg>${username}</arg>
<arg>${password}</arg>
<status status="PASS" start="2025-05-26T14:40:45.380250" elapsed="2.012379"/>
</kw>
<kw name="Verify the error message is correct">
<kw name="Element Text Should Be" owner="SeleniumLibrary">
<msg time="2025-05-26T14:40:47.393897" level="INFO">Verifying element 'css:.oxd-alert-content--error' contains exact text 'Invalid credentials'.</msg>
<arg>${login_error_message}</arg>
<arg>Invalid credentials</arg>
<doc>Verifies that element ``locator`` contains exact the text ``expected``.</doc>
<status status="PASS" start="2025-05-26T14:40:47.393527" elapsed="1.429595"/>
</kw>
<status status="PASS" start="2025-05-26T14:40:47.393037" elapsed="1.430395"/>
</kw>
<kw name="Close Browser Session">
<kw name="Close All Browsers" owner="SeleniumLibrary">
<doc>Closes all open browsers and resets the browser cache.</doc>
<status status="PASS" start="2025-05-26T14:40:48.824684" elapsed="2.356829"/>
</kw>
<status status="PASS" start="2025-05-26T14:40:48.823794" elapsed="2.357963"/>
</kw>
<arg>username=abc</arg>
<arg>password=admin123</arg>
<status status="PASS" start="2025-05-26T14:40:36.479722" elapsed="14.702147"/>
</kw>
<status status="PASS" start="2025-05-26T14:40:36.476392" elapsed="14.706300"/>
</test>
<test id="s1-t2" name="Invalid Password" line="13">
<kw name="Validate UnSuccessful Login">
<kw name="Open the Browser with url">
<kw name="Open Browser" owner="SeleniumLibrary">
<msg time="2025-05-26T14:40:51.187136" level="INFO">Opening browser 'Chrome' to base url 'https://opensource-demo.orangehrmlive.com/web/index.php/auth/login'.</msg>
<arg>https://opensource-demo.orangehrmlive.com/web/index.php/auth/login</arg>
<arg>browser=Chrome</arg>
<doc>Opens a new browser instance to the optional ``url``.</doc>
<status status="PASS" start="2025-05-26T14:40:51.186811" elapsed="6.083711"/>
</kw>
<kw name="Maximize Browser Window" owner="SeleniumLibrary">
<doc>Maximizes current browser window.</doc>
<status status="PASS" start="2025-05-26T14:40:57.270793" elapsed="0.065886"/>
</kw>
<kw name="Set Selenium Implicit Wait" owner="SeleniumLibrary">
<arg>5s</arg>
<doc>Sets the implicit wait value used by Selenium.</doc>
<status status="PASS" start="2025-05-26T14:40:57.336919" elapsed="0.001945"/>
</kw>
<status status="PASS" start="2025-05-26T14:40:51.186408" elapsed="6.152606"/>
</kw>
<kw name="Fill the login form">
<kw name="Input Text" owner="SeleniumLibrary">
<msg time="2025-05-26T14:40:57.341037" level="INFO">Typing text 'Admin' into text field 'css:input[name="username"]'.</msg>
<arg>css:input[name="username"]</arg>
<arg>${username}</arg>
<doc>Types the given ``text`` into the text field identified by ``locator``.</doc>
<status status="PASS" start="2025-05-26T14:40:57.339663" elapsed="0.663127"/>
</kw>
<kw name="Input Text" owner="SeleniumLibrary">
<msg time="2025-05-26T14:40:58.003755" level="INFO">Typing text '123' into text field 'css:input[name="password"]'.</msg>
<arg>css:input[name="password"]</arg>
<arg>${password}</arg>
<doc>Types the given ``text`` into the text field identified by ``locator``.</doc>
<status status="PASS" start="2025-05-26T14:40:58.003192" elapsed="0.244704"/>
</kw>
<kw name="Click Button" owner="SeleniumLibrary">
<msg time="2025-05-26T14:40:58.248682" level="INFO">Clicking button 'css:button[type="submit"]'.</msg>
<arg>css:button[type="submit"]</arg>
<doc>Clicks the button identified by ``locator``.</doc>
<status status="PASS" start="2025-05-26T14:40:58.248271" elapsed="0.350716"/>
</kw>
<arg>${username}</arg>
<arg>${password}</arg>
<status status="PASS" start="2025-05-26T14:40:57.339212" elapsed="1.259975"/>
</kw>
<kw name="Verify the error message is correct">
<kw name="Element Text Should Be" owner="SeleniumLibrary">
<msg time="2025-05-26T14:40:58.600427" level="INFO">Verifying element 'css:.oxd-alert-content--error' contains exact text 'Invalid credentials'.</msg>
<arg>${login_error_message}</arg>
<arg>Invalid credentials</arg>
<doc>Verifies that element ``locator`` contains exact the text ``expected``.</doc>
<status status="PASS" start="2025-05-26T14:40:58.599973" elapsed="1.734764"/>
</kw>
<status status="PASS" start="2025-05-26T14:40:58.599442" elapsed="1.735452"/>
</kw>
<kw name="Close Browser Session">
<kw name="Close All Browsers" owner="SeleniumLibrary">
<doc>Closes all open browsers and resets the browser cache.</doc>
<status status="PASS" start="2025-05-26T14:41:00.335380" elapsed="2.174064"/>
</kw>
<status status="PASS" start="2025-05-26T14:41:00.335081" elapsed="2.174748"/>
</kw>
<arg>username=Admin</arg>
<arg>password=123</arg>
<status status="PASS" start="2025-05-26T14:40:51.185811" elapsed="11.324172"/>
</kw>
<status status="PASS" start="2025-05-26T14:40:51.184011" elapsed="11.326824"/>
</test>
<test id="s1-t3" name="Invalid Credentials" line="13">
<kw name="Validate UnSuccessful Login">
<kw name="Open the Browser with url">
<kw name="Open Browser" owner="SeleniumLibrary">
<msg time="2025-05-26T14:41:02.515124" level="INFO">Opening browser 'Chrome' to base url 'https://opensource-demo.orangehrmlive.com/web/index.php/auth/login'.</msg>
<arg>https://opensource-demo.orangehrmlive.com/web/index.php/auth/login</arg>
<arg>browser=Chrome</arg>
<doc>Opens a new browser instance to the optional ``url``.</doc>
<status status="PASS" start="2025-05-26T14:41:02.514826" elapsed="5.842545"/>
</kw>
<kw name="Maximize Browser Window" owner="SeleniumLibrary">
<doc>Maximizes current browser window.</doc>
<status status="PASS" start="2025-05-26T14:41:08.357648" elapsed="0.052944"/>
</kw>
<kw name="Set Selenium Implicit Wait" owner="SeleniumLibrary">
<arg>5s</arg>
<doc>Sets the implicit wait value used by Selenium.</doc>
<status status="PASS" start="2025-05-26T14:41:08.412216" elapsed="0.002437"/>
</kw>
<status status="PASS" start="2025-05-26T14:41:02.514386" elapsed="5.900482"/>
</kw>
<kw name="Fill the login form">
<kw name="Input Text" owner="SeleniumLibrary">
<msg time="2025-05-26T14:41:08.415965" level="INFO">Typing text 'abc' into text field 'css:input[name="username"]'.</msg>
<arg>css:input[name="username"]</arg>
<arg>${username}</arg>
<doc>Types the given ``text`` into the text field identified by ``locator``.</doc>
<status status="PASS" start="2025-05-26T14:41:08.415646" elapsed="0.553552"/>
</kw>
<kw name="Input Text" owner="SeleniumLibrary">
<msg time="2025-05-26T14:41:08.970018" level="INFO">Typing text '123' into text field 'css:input[name="password"]'.</msg>
<arg>css:input[name="password"]</arg>
<arg>${password}</arg>
<doc>Types the given ``text`` into the text field identified by ``locator``.</doc>
<status status="PASS" start="2025-05-26T14:41:08.969564" elapsed="0.207520"/>
</kw>
<kw name="Click Button" owner="SeleniumLibrary">
<msg time="2025-05-26T14:41:09.177539" level="INFO">Clicking button 'css:button[type="submit"]'.</msg>
<arg>css:button[type="submit"]</arg>
<doc>Clicks the button identified by ``locator``.</doc>
<status status="PASS" start="2025-05-26T14:41:09.177310" elapsed="0.186876"/>
</kw>
<arg>${username}</arg>
<arg>${password}</arg>
<status status="PASS" start="2025-05-26T14:41:08.415120" elapsed="0.949349"/>
</kw>
<kw name="Verify the error message is correct">
<kw name="Element Text Should Be" owner="SeleniumLibrary">
<msg time="2025-05-26T14:41:09.366908" level="INFO">Verifying element 'css:.oxd-alert-content--error' contains exact text 'Invalid credentials'.</msg>
<arg>${login_error_message}</arg>
<arg>Invalid credentials</arg>
<doc>Verifies that element ``locator`` contains exact the text ``expected``.</doc>
<status status="PASS" start="2025-05-26T14:41:09.366147" elapsed="1.491003"/>
</kw>
<status status="PASS" start="2025-05-26T14:41:09.364873" elapsed="1.492439"/>
</kw>
<kw name="Close Browser Session">
<kw name="Close All Browsers" owner="SeleniumLibrary">
<doc>Closes all open browsers and resets the browser cache.</doc>
<status status="PASS" start="2025-05-26T14:41:10.857851" elapsed="2.232438"/>
</kw>
<status status="PASS" start="2025-05-26T14:41:10.857536" elapsed="2.233213"/>
</kw>
<arg>username=abc</arg>
<arg>password=123</arg>
<status status="PASS" start="2025-05-26T14:41:02.513787" elapsed="10.577170"/>
</kw>
<status status="PASS" start="2025-05-26T14:41:02.511921" elapsed="10.579957"/>
</test>
<test id="s1-t4" name="Numbers" line="13">
<kw name="Validate UnSuccessful Login">
<kw name="Open the Browser with url">
<kw name="Open Browser" owner="SeleniumLibrary">
<msg time="2025-05-26T14:41:13.096887" level="INFO">Opening browser 'Chrome' to base url 'https://opensource-demo.orangehrmlive.com/web/index.php/auth/login'.</msg>
<arg>https://opensource-demo.orangehrmlive.com/web/index.php/auth/login</arg>
<arg>browser=Chrome</arg>
<doc>Opens a new browser instance to the optional ``url``.</doc>
<status status="PASS" start="2025-05-26T14:41:13.096590" elapsed="5.814704"/>
</kw>
<kw name="Maximize Browser Window" owner="SeleniumLibrary">
<doc>Maximizes current browser window.</doc>
<status status="PASS" start="2025-05-26T14:41:18.911776" elapsed="0.053421"/>
</kw>
<kw name="Set Selenium Implicit Wait" owner="SeleniumLibrary">
<arg>5s</arg>
<doc>Sets the implicit wait value used by Selenium.</doc>
<status status="PASS" start="2025-05-26T14:41:18.965461" elapsed="0.002137"/>
</kw>
<status status="PASS" start="2025-05-26T14:41:13.096200" elapsed="5.871730"/>
</kw>
<kw name="Fill the login form">
<kw name="Input Text" owner="SeleniumLibrary">
<msg time="2025-05-26T14:41:18.969983" level="INFO">Typing text '1234' into text field 'css:input[name="username"]'.</msg>
<arg>css:input[name="username"]</arg>
<arg>${username}</arg>
<doc>Types the given ``text`` into the text field identified by ``locator``.</doc>
<status status="PASS" start="2025-05-26T14:41:18.969461" elapsed="0.623237"/>
</kw>
<kw name="Input Text" owner="SeleniumLibrary">
<msg time="2025-05-26T14:41:19.593682" level="INFO">Typing text '2490' into text field 'css:input[name="password"]'.</msg>
<arg>css:input[name="password"]</arg>
<arg>${password}</arg>
<doc>Types the given ``text`` into the text field identified by ``locator``.</doc>
<status status="PASS" start="2025-05-26T14:41:19.593108" elapsed="0.183863"/>
</kw>
<kw name="Click Button" owner="SeleniumLibrary">
<msg time="2025-05-26T14:41:19.778401" level="INFO">Clicking button 'css:button[type="submit"]'.</msg>
<arg>css:button[type="submit"]</arg>
<doc>Clicks the button identified by ``locator``.</doc>
<status status="PASS" start="2025-05-26T14:41:19.777761" elapsed="0.181344"/>
</kw>
<arg>${username}</arg>
<arg>${password}</arg>
<status status="PASS" start="2025-05-26T14:41:18.968397" elapsed="0.990978"/>
</kw>
<kw name="Verify the error message is correct">
<kw name="Element Text Should Be" owner="SeleniumLibrary">
<msg time="2025-05-26T14:41:19.960888" level="INFO">Verifying element 'css:.oxd-alert-content--error' contains exact text 'Invalid credentials'.</msg>
<arg>${login_error_message}</arg>
<arg>Invalid credentials</arg>
<doc>Verifies that element ``locator`` contains exact the text ``expected``.</doc>
<status status="PASS" start="2025-05-26T14:41:19.960349" elapsed="1.213670"/>
</kw>
<status status="PASS" start="2025-05-26T14:41:19.959719" elapsed="1.214615"/>
</kw>
<kw name="Close Browser Session">
<kw name="Close All Browsers" owner="SeleniumLibrary">
<doc>Closes all open browsers and resets the browser cache.</doc>
<status status="PASS" start="2025-05-26T14:41:21.175402" elapsed="2.283322"/>
</kw>
<status status="PASS" start="2025-05-26T14:41:21.174723" elapsed="2.284981"/>
</kw>
<arg>username=1234</arg>
<arg>password=2490</arg>
<status status="PASS" start="2025-05-26T14:41:13.095647" elapsed="10.364939"/>
</kw>
<status status="PASS" start="2025-05-26T14:41:13.093595" elapsed="10.373071"/>
</test>
<doc>Test Template</doc>
<status status="PASS" start="2025-05-26T14:40:35.837521" elapsed="47.673244"/>
</suite>
<statistics>
<total>
<stat pass="4" fail="0" skip="0">All Tests</stat>
</total>
<tag>
</tag>
<suite>
<stat name="TestDataDrivenUsingCSV" id="s1" pass="4" fail="0" skip="0">TestDataDrivenUsingCSV</stat>
</suite>
</statistics>
<errors>
</errors>
</robot>
